#
# A fatal error has been detected by the Java Runtime Environment:
#
#  EXCEPTION_ACCESS_VIOLATION (0xc0000005) at pc=0x00007ff951e2a8c5, pid=6464, tid=3004
#
# JRE version: Java(TM) SE Runtime Environment 18.9 (11.0.7+8) (build 11.0.7+8-LTS)
# Java VM: Java HotSpot(TM) 64-Bit Server VM 18.9 (11.0.7+8-LTS, mixed mode, tiered, compressed oops, g1 gc, windows-amd64)
# Problematic frame:
# V  [jvm.dll+0x68a8c5]
#
# No core dump will be written. Minidumps are not enabled by default on client versions of Windows
#
# If you would like to submit a bug report, please visit:
#   https://bugreport.java.com/bugreport/crash.jsp
#

---------------  S U M M A R Y ------------

Command Line: -Dcom.sun.management.jmxremote -Dcom.sun.management.jmxremote.port=50768 -Dcom.sun.management.jmxremote.authenticate=false -Dcom.sun.management.jmxremote.ssl=false -Djava.rmi.server.hostname=localhost -Dspring.jmx.enabled=true -Dspring.application.admin.enabled=true -Xverify:none -XX:TieredStopAtLevel=1 -Dspring.boot.project.name=Ionic-cursomc -Dfile.encoding=UTF-8 com.chobyo.cursomc.CursomcApplication --spring.output.ansi.enabled=always

Host: Intel(R) Core(TM) i5-5200U CPU @ 2.20GHz, 4 cores, 7G,  Windows 10 , 64 bit Build 17134 (10.0.17134.1425)
Time: Thu Jun  4 00:13:59 2020 Hora oficial do Brasil elapsed time: 1 seconds (0d 0h 0m 1s)

---------------  T H R E A D  ---------------

Current thread (0x00000167b09c2800):  WatcherThread [stack: 0x00000040d9f00000,0x00000040da000000] [id=3004]

Stack: [0x00000040d9f00000,0x00000040da000000],  sp=0x00000040d9fff810,  free space=1022k
Native frames: (J=compiled Java code, j=interpreted, Vv=VM code, C=native code)
V  [jvm.dll+0x68a8c5]
V  [jvm.dll+0x6f394f]
V  [jvm.dll+0x73fc7d]
V  [jvm.dll+0x765fe9]
V  [jvm.dll+0x75e875]
V  [jvm.dll+0x660b26]
C  [ucrtbase.dll+0x1e3fe]
C  [KERNEL32.DLL+0x14034]
C  [ntdll.dll+0x73691]


siginfo: EXCEPTION_ACCESS_VIOLATION (0xc0000005), reading address 0x00007ff90000000f


Register to memory mapping:

RIP=0x00007ff951e2a8c5 jvm.dll
RAX=0x00007ff90000000f is an unknown value
RBX=0x00000167b091b5c0 points into unknown readable memory: 80 bb 09 52 f9 7f 00 00
RCX=0x00000167b0924370 points into unknown readable memory: 0f 00 00 00 f9 7f 00 00
RDX=0x0000000000000032 is an unknown value
RSP=0x00000040d9fff810 points into unknown readable memory: b0 d5 b5 90 67 01 00 00
RBP=0x0000000000000002 is an unknown value
RSI=0x00000167b0924190 points into unknown readable memory: 90 10 95 b0 67 01 00 00
RDI=0x0 is NULL
R8 =0x0 is NULL
R9 =0x0000016798ef0b80 is at begin+0 in a stub
StubRoutines::atomic_cmpxchg_long [0x0000016798ef0b80, 0x0000016798ef0b89[ (9 bytes)
R10=0x0 is NULL
R11=0x0000000000000246 is an unknown value
R12=0x0 is NULL
R13=0x00000167b09c2800 points into unknown readable memory: 18 92 0a 52 f9 7f 00 00
R14=0x0000000000000032 is an unknown value
R15=0x00000167afa40950 points into unknown readable memory: 00 00 00 00 00 00 00 00


Registers:
RAX=0x00007ff90000000f, RBX=0x00000167b091b5c0, RCX=0x00000167b0924370, RDX=0x0000000000000032
RSP=0x00000040d9fff810, RBP=0x0000000000000002, RSI=0x00000167b0924190, RDI=0x0000000000000000
R8 =0x0000000000000000, R9 =0x0000016798ef0b80, R10=0x0000000000000000, R11=0x0000000000000246
R12=0x0000000000000000, R13=0x00000167b09c2800, R14=0x0000000000000032, R15=0x00000167afa40950
RIP=0x00007ff951e2a8c5, EFLAGS=0x0000000000010202

Top of Stack: (sp=0x00000040d9fff810)
0x00000040d9fff810:   0000016790b5d5b0 0000000000000b28
0x00000040d9fff820:   0000000000000001 00007ff951dd3850
0x00000040d9fff830:   0000000000000000 00007ff951e9394f
0x00000040d9fff840:   00000167b09c2800 00000167b09c2800
0x00000040d9fff850:   00000268a600dd9e 00007ff951dd42d9
0x00000040d9fff860:   00007ff95224abc8 00007ff951edfc7d
0x00000040d9fff870:   0000000000000001 0000016790b5d5b0
0x00000040d9fff880:   0000016790b5d5b0 431bde82d7b634db
0x00000040d9fff890:   00000167afa40950 00000268a600dd9e
0x00000040d9fff8a0:   0000016790b5d5b0 00007ff951f05fe9
0x00000040d9fff8b0:   0000000000000001 0000000000000032
0x00000040d9fff8c0:   0000000000000032 0000000000000002
0x00000040d9fff8d0:   0000000000000000 0000000000000000
0x00000040d9fff8e0:   0000000000000000 0000000000000000
0x00000040d9fff8f0:   0000000000000000 0000000000000000
0x00000040d9fff900:   0000000000000000 0000000000000000 

Instructions: (pc=0x00007ff951e2a8c5)
0x00007ff951e2a8a5:   70 48 83 c4 50 5f c3 cc cc cc cc 40 53 48 83 ec
0x00007ff951e2a8b5:   20 48 8b d9 48 8b 49 38 48 85 c9 74 0c 48 8b 01
0x00007ff951e2a8c5:   ff 10 48 8b 4b 28 48 89 01 48 83 c4 20 5b c3 cc
0x00007ff951e2a8d5:   cc cc cc cc cc cc cc cc cc cc cc 48 89 5c 24 08 


Stack slot to memory mapping:
stack at sp + 0 slots: 0x0000016790b5d5b0 points into unknown readable memory: 01 00 00 00 00 00 00 00
stack at sp + 1 slots: 0x0000000000000b28 is an unknown value
stack at sp + 2 slots: 0x0000000000000001 is an unknown value
stack at sp + 3 slots: 0x00007ff951dd3850 jvm.dll
stack at sp + 4 slots: 0x0 is NULL
stack at sp + 5 slots: 0x00007ff951e9394f jvm.dll
stack at sp + 6 slots: 0x00000167b09c2800 points into unknown readable memory: 18 92 0a 52 f9 7f 00 00
stack at sp + 7 slots: 0x00000167b09c2800 points into unknown readable memory: 18 92 0a 52 f9 7f 00 00


---------------  P R O C E S S  ---------------

Threads class SMR info:
_java_thread_list=0x00000167b0a6e5e0, length=13, elements={
0x0000016790b61800, 0x00000167af786800, 0x00000167af787800, 0x00000167af7b6000,
0x00000167af7ff800, 0x00000167af802000, 0x00000167af80f000, 0x00000167af9b9000,
0x00000167af9b4000, 0x00000167af9b9800, 0x00000167af9b6800, 0x00000167af9b7000,
0x00000167af9b8000
}

Java Threads: ( => current thread )
  0x0000016790b61800 JavaThread "main" [_thread_blocked, id=9044, stack(0x00000040d8b00000,0x00000040d8c00000)]
  0x00000167af786800 JavaThread "Reference Handler" daemon [_thread_blocked, id=6488, stack(0x00000040d9200000,0x00000040d9300000)]
  0x00000167af787800 JavaThread "Finalizer" daemon [_thread_blocked, id=7532, stack(0x00000040d9300000,0x00000040d9400000)]
  0x00000167af7b6000 JavaThread "Signal Dispatcher" daemon [_thread_blocked, id=5420, stack(0x00000040d9400000,0x00000040d9500000)]
  0x00000167af7ff800 JavaThread "Attach Listener" daemon [_thread_blocked, id=13468, stack(0x00000040d9500000,0x00000040d9600000)]
  0x00000167af802000 JavaThread "C1 CompilerThread0" daemon [_thread_in_vm, id=13524, stack(0x00000040d9600000,0x00000040d9700000)]
  0x00000167af80f000 JavaThread "Sweeper thread" daemon [_thread_blocked, id=9256, stack(0x00000040d9700000,0x00000040d9800000)]
  0x00000167af9b9000 JavaThread "Common-Cleaner" daemon [_thread_blocked, id=6660, stack(0x00000040d9800000,0x00000040d9900000)]
  0x00000167af9b4000 JavaThread "Service Thread" daemon [_thread_blocked, id=8400, stack(0x00000040d9900000,0x00000040d9a00000)]
  0x00000167af9b9800 JavaThread "RMI TCP Accept-0" daemon [_thread_in_native, id=1004, stack(0x00000040d9c00000,0x00000040d9d00000)]
  0x00000167af9b6800 JavaThread "RMI TCP Accept-50768" daemon [_thread_in_native, id=7644, stack(0x00000040d9d00000,0x00000040d9e00000)]
  0x00000167af9b7000 JavaThread "RMI TCP Accept-0" daemon [_thread_in_native, id=5848, stack(0x00000040d9e00000,0x00000040d9f00000)]
  0x00000167af9b8000 JavaThread "RMI TCP Connection(idle)" daemon [_thread_blocked, id=340, stack(0x00000040da000000,0x00000040da100000)]

Other Threads:
  0x00000167af783800 VMThread "VM Thread" [stack: 0x00000040d9100000,0x00000040d9200000] [id=4648]
=>0x00000167b09c2800 WatcherThread [stack: 0x00000040d9f00000,0x00000040da000000] [id=3004]
  0x0000016790b77000 GCTaskThread "GC Thread#0" [stack: 0x00000040d8c00000,0x00000040d8d00000] [id=5176]
  0x00000167b04b8800 GCTaskThread "GC Thread#1" [stack: 0x00000040d9a00000,0x00000040d9b00000] [id=9436]
  0x00000167b046c800 GCTaskThread "GC Thread#2" [stack: 0x00000040d9b00000,0x00000040d9c00000] [id=8832]
  0x0000016790ba9800 ConcurrentGCThread "G1 Main Marker" [stack: 0x00000040d8d00000,0x00000040d8e00000] [id=532]
  0x0000016790baa800 ConcurrentGCThread "G1 Conc#0" [stack: 0x00000040d8e00000,0x00000040d8f00000] [id=13940]
  0x00000167aeabb800 ConcurrentGCThread "G1 Refine#0" [stack: 0x00000040d8f00000,0x00000040d9000000] [id=5360]
  0x00000167aeac0000 ConcurrentGCThread "G1 Young RemSet Sampling" [stack: 0x00000040d9000000,0x00000040d9100000] [id=440]

Threads with active compile tasks:
C1 CompilerThread01079       1       java.lang.ThreadLocal::get (38 bytes)

VM state:synchronizing (normal execution)

VM Mutex/Monitor currently owned by a thread:  ([mutex/lock_event])
[0x0000016790b5d010] Threads_lock - owner thread: 0x00000167af783800
[0x0000016790b5d5b0] PeriodicTask_lock - owner thread: 0x00000167b09c2800

Heap address: 0x0000000081a00000, size: 2022 MB, Compressed Oops mode: 32-bit
Narrow klass base: 0x0000000000000000, Narrow klass shift: 3
Compressed class space size: 1073741824 Address: 0x0000000100000000

Heap:
 garbage-first heap   total 131072K, used 26243K [0x0000000081a00000, 0x0000000100000000)
  region size 1024K, 13 young (13312K), 1 survivors (1024K)
 Metaspace       used 13201K, capacity 13576K, committed 13824K, reserved 1060864K
  class space    used 1373K, capacity 1507K, committed 1536K, reserved 1048576K
Heap Regions: E=young(eden), S=young(survivor), O=old, HS=humongous(starts), HC=humongous(continues), CS=collection set, F=free, A=archive, TAMS=top-at-mark-start (previous, next)
|   0|0x0000000081a00000, 0x0000000081b00000, 0x0000000081b00000|100%|HS|  |TAMS 0x0000000081a00000, 0x0000000081a00000| Complete 
|   1|0x0000000081b00000, 0x0000000081c00000, 0x0000000081c00000|100%| O|  |TAMS 0x0000000081b00000, 0x0000000081b00000| Untracked 
|   2|0x0000000081c00000, 0x0000000081d00000, 0x0000000081d00000|100%| O|  |TAMS 0x0000000081c00000, 0x0000000081c00000| Untracked 
|   3|0x0000000081d00000, 0x0000000081e00000, 0x0000000081e00000|100%| O|  |TAMS 0x0000000081d00000, 0x0000000081d00000| Untracked 
|   4|0x0000000081e00000, 0x0000000081f00000, 0x0000000081f00000|100%| O|  |TAMS 0x0000000081e00000, 0x0000000081e00000| Untracked 
|   5|0x0000000081f00000, 0x0000000082000000, 0x0000000082000000|100%| O|  |TAMS 0x0000000081f00000, 0x0000000081f00000| Untracked 
|   6|0x0000000082000000, 0x0000000082100000, 0x0000000082100000|100%| O|  |TAMS 0x0000000082000000, 0x0000000082000000| Untracked 
|   7|0x0000000082100000, 0x0000000082200000, 0x0000000082200000|100%| O|  |TAMS 0x0000000082100000, 0x0000000082100000| Untracked 
|   8|0x0000000082200000, 0x0000000082300000, 0x0000000082300000|100%| O|  |TAMS 0x0000000082200000, 0x0000000082200000| Untracked 
|   9|0x0000000082300000, 0x0000000082400000, 0x0000000082400000|100%| O|  |TAMS 0x0000000082300000, 0x0000000082300000| Untracked 
|  10|0x0000000082400000, 0x0000000082500000, 0x0000000082500000|100%| O|  |TAMS 0x0000000082400000, 0x0000000082400000| Untracked 
|  11|0x0000000082500000, 0x0000000082600000, 0x0000000082600000|100%| O|  |TAMS 0x0000000082500000, 0x0000000082500000| Untracked 
|  12|0x0000000082600000, 0x0000000082700000, 0x0000000082700000|100%| O|  |TAMS 0x0000000082600000, 0x0000000082600000| Untracked 
|  13|0x0000000082700000, 0x0000000082800000, 0x0000000082800000|100%| O|  |TAMS 0x0000000082700000, 0x0000000082700000| Untracked 
|  14|0x0000000082800000, 0x00000000828a0e00, 0x0000000082900000| 62%| O|  |TAMS 0x0000000082800000, 0x0000000082800000| Untracked 
|  15|0x0000000082900000, 0x0000000082900000, 0x0000000082a00000|  0%| F|  |TAMS 0x0000000082900000, 0x0000000082900000| Untracked 
|  16|0x0000000082a00000, 0x0000000082a00000, 0x0000000082b00000|  0%| F|  |TAMS 0x0000000082a00000, 0x0000000082a00000| Untracked 
|  17|0x0000000082b00000, 0x0000000082b00000, 0x0000000082c00000|  0%| F|  |TAMS 0x0000000082b00000, 0x0000000082b00000| Untracked 
|  18|0x0000000082c00000, 0x0000000082c00000, 0x0000000082d00000|  0%| F|  |TAMS 0x0000000082c00000, 0x0000000082c00000| Untracked 
|  19|0x0000000082d00000, 0x0000000082d00000, 0x0000000082e00000|  0%| F|  |TAMS 0x0000000082d00000, 0x0000000082d00000| Untracked 
|  20|0x0000000082e00000, 0x0000000082e00000, 0x0000000082f00000|  0%| F|  |TAMS 0x0000000082e00000, 0x0000000082e00000| Untracked 
|  21|0x0000000082f00000, 0x0000000082f00000, 0x0000000083000000|  0%| F|  |TAMS 0x0000000082f00000, 0x0000000082f00000| Untracked 
|  22|0x0000000083000000, 0x0000000083000000, 0x0000000083100000|  0%| F|  |TAMS 0x0000000083000000, 0x0000000083000000| Untracked 
|  23|0x0000000083100000, 0x0000000083100000, 0x0000000083200000|  0%| F|  |TAMS 0x0000000083100000, 0x0000000083100000| Untracked 
|  24|0x0000000083200000, 0x0000000083200000, 0x0000000083300000|  0%| F|  |TAMS 0x0000000083200000, 0x0000000083200000| Untracked 
|  25|0x0000000083300000, 0x0000000083300000, 0x0000000083400000|  0%| F|  |TAMS 0x0000000083300000, 0x0000000083300000| Untracked 
|  26|0x0000000083400000, 0x0000000083400000, 0x0000000083500000|  0%| F|  |TAMS 0x0000000083400000, 0x0000000083400000| Untracked 
|  27|0x0000000083500000, 0x0000000083500000, 0x0000000083600000|  0%| F|  |TAMS 0x0000000083500000, 0x0000000083500000| Untracked 
|  28|0x0000000083600000, 0x0000000083600000, 0x0000000083700000|  0%| F|  |TAMS 0x0000000083600000, 0x0000000083600000| Untracked 
|  29|0x0000000083700000, 0x0000000083700000, 0x0000000083800000|  0%| F|  |TAMS 0x0000000083700000, 0x0000000083700000| Untracked 
|  30|0x0000000083800000, 0x0000000083800000, 0x0000000083900000|  0%| F|  |TAMS 0x0000000083800000, 0x0000000083800000| Untracked 
|  31|0x0000000083900000, 0x0000000083900000, 0x0000000083a00000|  0%| F|  |TAMS 0x0000000083900000, 0x0000000083900000| Untracked 
|  32|0x0000000083a00000, 0x0000000083a00000, 0x0000000083b00000|  0%| F|  |TAMS 0x0000000083a00000, 0x0000000083a00000| Untracked 
|  33|0x0000000083b00000, 0x0000000083b00000, 0x0000000083c00000|  0%| F|  |TAMS 0x0000000083b00000, 0x0000000083b00000| Untracked 
|  34|0x0000000083c00000, 0x0000000083c00000, 0x0000000083d00000|  0%| F|  |TAMS 0x0000000083c00000, 0x0000000083c00000| Untracked 
|  35|0x0000000083d00000, 0x0000000083d00000, 0x0000000083e00000|  0%| F|  |TAMS 0x0000000083d00000, 0x0000000083d00000| Untracked 
|  36|0x0000000083e00000, 0x0000000083e00000, 0x0000000083f00000|  0%| F|  |TAMS 0x0000000083e00000, 0x0000000083e00000| Untracked 
|  37|0x0000000083f00000, 0x0000000083f00000, 0x0000000084000000|  0%| F|  |TAMS 0x0000000083f00000, 0x0000000083f00000| Untracked 
|  38|0x0000000084000000, 0x0000000084000000, 0x0000000084100000|  0%| F|  |TAMS 0x0000000084000000, 0x0000000084000000| Untracked 
|  39|0x0000000084100000, 0x0000000084100000, 0x0000000084200000|  0%| F|  |TAMS 0x0000000084100000, 0x0000000084100000| Untracked 
|  40|0x0000000084200000, 0x0000000084200000, 0x0000000084300000|  0%| F|  |TAMS 0x0000000084200000, 0x0000000084200000| Untracked 
|  41|0x0000000084300000, 0x0000000084300000, 0x0000000084400000|  0%| F|  |TAMS 0x0000000084300000, 0x0000000084300000| Untracked 
|  42|0x0000000084400000, 0x0000000084400000, 0x0000000084500000|  0%| F|  |TAMS 0x0000000084400000, 0x0000000084400000| Untracked 
|  43|0x0000000084500000, 0x0000000084500000, 0x0000000084600000|  0%| F|  |TAMS 0x0000000084500000, 0x0000000084500000| Untracked 
|  44|0x0000000084600000, 0x0000000084600000, 0x0000000084700000|  0%| F|  |TAMS 0x0000000084600000, 0x0000000084600000| Untracked 
|  45|0x0000000084700000, 0x0000000084700000, 0x0000000084800000|  0%| F|  |TAMS 0x0000000084700000, 0x0000000084700000| Untracked 
|  46|0x0000000084800000, 0x0000000084800000, 0x0000000084900000|  0%| F|  |TAMS 0x0000000084800000, 0x0000000084800000| Untracked 
|  47|0x0000000084900000, 0x0000000084900000, 0x0000000084a00000|  0%| F|  |TAMS 0x0000000084900000, 0x0000000084900000| Untracked 
|  48|0x0000000084a00000, 0x0000000084a00000, 0x0000000084b00000|  0%| F|  |TAMS 0x0000000084a00000, 0x0000000084a00000| Untracked 
|  49|0x0000000084b00000, 0x0000000084b00000, 0x0000000084c00000|  0%| F|  |TAMS 0x0000000084b00000, 0x0000000084b00000| Untracked 
|  50|0x0000000084c00000, 0x0000000084c00000, 0x0000000084d00000|  0%| F|  |TAMS 0x0000000084c00000, 0x0000000084c00000| Untracked 
|  51|0x0000000084d00000, 0x0000000084d00000, 0x0000000084e00000|  0%| F|  |TAMS 0x0000000084d00000, 0x0000000084d00000| Untracked 
|  52|0x0000000084e00000, 0x0000000084e00000, 0x0000000084f00000|  0%| F|  |TAMS 0x0000000084e00000, 0x0000000084e00000| Untracked 
|  53|0x0000000084f00000, 0x0000000084f00000, 0x0000000085000000|  0%| F|  |TAMS 0x0000000084f00000, 0x0000000084f00000| Untracked 
|  54|0x0000000085000000, 0x0000000085000000, 0x0000000085100000|  0%| F|  |TAMS 0x0000000085000000, 0x0000000085000000| Untracked 
|  55|0x0000000085100000, 0x0000000085100000, 0x0000000085200000|  0%| F|  |TAMS 0x0000000085100000, 0x0000000085100000| Untracked 
|  56|0x0000000085200000, 0x0000000085200000, 0x0000000085300000|  0%| F|  |TAMS 0x0000000085200000, 0x0000000085200000| Untracked 
|  57|0x0000000085300000, 0x0000000085300000, 0x0000000085400000|  0%| F|  |TAMS 0x0000000085300000, 0x0000000085300000| Untracked 
|  58|0x0000000085400000, 0x0000000085400000, 0x0000000085500000|  0%| F|  |TAMS 0x0000000085400000, 0x0000000085400000| Untracked 
|  59|0x0000000085500000, 0x0000000085500000, 0x0000000085600000|  0%| F|  |TAMS 0x0000000085500000, 0x0000000085500000| Untracked 
|  60|0x0000000085600000, 0x0000000085600000, 0x0000000085700000|  0%| F|  |TAMS 0x0000000085600000, 0x0000000085600000| Untracked 
|  61|0x0000000085700000, 0x0000000085700000, 0x0000000085800000|  0%| F|  |TAMS 0x0000000085700000, 0x0000000085700000| Untracked 
|  62|0x0000000085800000, 0x0000000085800000, 0x0000000085900000|  0%| F|  |TAMS 0x0000000085800000, 0x0000000085800000| Untracked 
|  63|0x0000000085900000, 0x0000000085900000, 0x0000000085a00000|  0%| F|  |TAMS 0x0000000085900000, 0x0000000085900000| Untracked 
|  64|0x0000000085a00000, 0x0000000085a00000, 0x0000000085b00000|  0%| F|  |TAMS 0x0000000085a00000, 0x0000000085a00000| Untracked 
|  65|0x0000000085b00000, 0x0000000085b00000, 0x0000000085c00000|  0%| F|  |TAMS 0x0000000085b00000, 0x0000000085b00000| Untracked 
|  66|0x0000000085c00000, 0x0000000085c00000, 0x0000000085d00000|  0%| F|  |TAMS 0x0000000085c00000, 0x0000000085c00000| Untracked 
|  67|0x0000000085d00000, 0x0000000085d00000, 0x0000000085e00000|  0%| F|  |TAMS 0x0000000085d00000, 0x0000000085d00000| Untracked 
|  68|0x0000000085e00000, 0x0000000085e00000, 0x0000000085f00000|  0%| F|  |TAMS 0x0000000085e00000, 0x0000000085e00000| Untracked 
|  69|0x0000000085f00000, 0x0000000085f00000, 0x0000000086000000|  0%| F|  |TAMS 0x0000000085f00000, 0x0000000085f00000| Untracked 
|  70|0x0000000086000000, 0x0000000086000000, 0x0000000086100000|  0%| F|  |TAMS 0x0000000086000000, 0x0000000086000000| Untracked 
|  71|0x0000000086100000, 0x0000000086100000, 0x0000000086200000|  0%| F|  |TAMS 0x0000000086100000, 0x0000000086100000| Untracked 
|  72|0x0000000086200000, 0x0000000086200000, 0x0000000086300000|  0%| F|  |TAMS 0x0000000086200000, 0x0000000086200000| Untracked 
|  73|0x0000000086300000, 0x0000000086300000, 0x0000000086400000|  0%| F|  |TAMS 0x0000000086300000, 0x0000000086300000| Untracked 
|  74|0x0000000086400000, 0x0000000086400000, 0x0000000086500000|  0%| F|  |TAMS 0x0000000086400000, 0x0000000086400000| Untracked 
|  75|0x0000000086500000, 0x0000000086500000, 0x0000000086600000|  0%| F|  |TAMS 0x0000000086500000, 0x0000000086500000| Untracked 
|  76|0x0000000086600000, 0x0000000086600000, 0x0000000086700000|  0%| F|  |TAMS 0x0000000086600000, 0x0000000086600000| Untracked 
|  77|0x0000000086700000, 0x0000000086700000, 0x0000000086800000|  0%| F|  |TAMS 0x0000000086700000, 0x0000000086700000| Untracked 
|  78|0x0000000086800000, 0x0000000086800000, 0x0000000086900000|  0%| F|  |TAMS 0x0000000086800000, 0x0000000086800000| Untracked 
|  79|0x0000000086900000, 0x0000000086900000, 0x0000000086a00000|  0%| F|  |TAMS 0x0000000086900000, 0x0000000086900000| Untracked 
|  80|0x0000000086a00000, 0x0000000086a00000, 0x0000000086b00000|  0%| F|  |TAMS 0x0000000086a00000, 0x0000000086a00000| Untracked 
|  81|0x0000000086b00000, 0x0000000086b00000, 0x0000000086c00000|  0%| F|  |TAMS 0x0000000086b00000, 0x0000000086b00000| Untracked 
|  82|0x0000000086c00000, 0x0000000086c00000, 0x0000000086d00000|  0%| F|  |TAMS 0x0000000086c00000, 0x0000000086c00000| Untracked 
|  83|0x0000000086d00000, 0x0000000086d00000, 0x0000000086e00000|  0%| F|  |TAMS 0x0000000086d00000, 0x0000000086d00000| Untracked 
|  84|0x0000000086e00000, 0x0000000086e00000, 0x0000000086f00000|  0%| F|  |TAMS 0x0000000086e00000, 0x0000000086e00000| Untracked 
|  85|0x0000000086f00000, 0x0000000086f00000, 0x0000000087000000|  0%| F|  |TAMS 0x0000000086f00000, 0x0000000086f00000| Untracked 
|  86|0x0000000087000000, 0x0000000087000000, 0x0000000087100000|  0%| F|  |TAMS 0x0000000087000000, 0x0000000087000000| Untracked 
|  87|0x0000000087100000, 0x0000000087100000, 0x0000000087200000|  0%| F|  |TAMS 0x0000000087100000, 0x0000000087100000| Untracked 
|  88|0x0000000087200000, 0x0000000087200000, 0x0000000087300000|  0%| F|  |TAMS 0x0000000087200000, 0x0000000087200000| Untracked 
|  89|0x0000000087300000, 0x0000000087300000, 0x0000000087400000|  0%| F|  |TAMS 0x0000000087300000, 0x0000000087300000| Untracked 
|  90|0x0000000087400000, 0x0000000087400000, 0x0000000087500000|  0%| F|  |TAMS 0x0000000087400000, 0x0000000087400000| Untracked 
|  91|0x0000000087500000, 0x0000000087500000, 0x0000000087600000|  0%| F|  |TAMS 0x0000000087500000, 0x0000000087500000| Untracked 
|  92|0x0000000087600000, 0x0000000087600000, 0x0000000087700000|  0%| F|  |TAMS 0x0000000087600000, 0x0000000087600000| Untracked 
|  93|0x0000000087700000, 0x0000000087700000, 0x0000000087800000|  0%| F|  |TAMS 0x0000000087700000, 0x0000000087700000| Untracked 
|  94|0x0000000087800000, 0x0000000087800000, 0x0000000087900000|  0%| F|  |TAMS 0x0000000087800000, 0x0000000087800000| Untracked 
|  95|0x0000000087900000, 0x0000000087900000, 0x0000000087a00000|  0%| F|  |TAMS 0x0000000087900000, 0x0000000087900000| Untracked 
|  96|0x0000000087a00000, 0x0000000087a00000, 0x0000000087b00000|  0%| F|  |TAMS 0x0000000087a00000, 0x0000000087a00000| Untracked 
|  97|0x0000000087b00000, 0x0000000087b00000, 0x0000000087c00000|  0%| F|  |TAMS 0x0000000087b00000, 0x0000000087b00000| Untracked 
|  98|0x0000000087c00000, 0x0000000087c00000, 0x0000000087d00000|  0%| F|  |TAMS 0x0000000087c00000, 0x0000000087c00000| Untracked 
|  99|0x0000000087d00000, 0x0000000087d00000, 0x0000000087e00000|  0%| F|  |TAMS 0x0000000087d00000, 0x0000000087d00000| Untracked 
| 100|0x0000000087e00000, 0x0000000087e00000, 0x0000000087f00000|  0%| F|  |TAMS 0x0000000087e00000, 0x0000000087e00000| Untracked 
| 101|0x0000000087f00000, 0x0000000087f00000, 0x0000000088000000|  0%| F|  |TAMS 0x0000000087f00000, 0x0000000087f00000| Untracked 
| 102|0x0000000088000000, 0x0000000088000000, 0x0000000088100000|  0%| F|  |TAMS 0x0000000088000000, 0x0000000088000000| Untracked 
| 103|0x0000000088100000, 0x0000000088100000, 0x0000000088200000|  0%| F|  |TAMS 0x0000000088100000, 0x0000000088100000| Untracked 
| 104|0x0000000088200000, 0x0000000088200000, 0x0000000088300000|  0%| F|  |TAMS 0x0000000088200000, 0x0000000088200000| Untracked 
| 105|0x0000000088300000, 0x0000000088300000, 0x0000000088400000|  0%| F|  |TAMS 0x0000000088300000, 0x0000000088300000| Untracked 
| 106|0x0000000088400000, 0x0000000088400000, 0x0000000088500000|  0%| F|  |TAMS 0x0000000088400000, 0x0000000088400000| Untracked 
| 107|0x0000000088500000, 0x0000000088500000, 0x0000000088600000|  0%| F|  |TAMS 0x0000000088500000, 0x0000000088500000| Untracked 
| 108|0x0000000088600000, 0x0000000088600000, 0x0000000088700000|  0%| F|  |TAMS 0x0000000088600000, 0x0000000088600000| Untracked 
| 109|0x0000000088700000, 0x0000000088700000, 0x0000000088800000|  0%| F|  |TAMS 0x0000000088700000, 0x0000000088700000| Untracked 
| 110|0x0000000088800000, 0x0000000088800000, 0x0000000088900000|  0%| F|  |TAMS 0x0000000088800000, 0x0000000088800000| Untracked 
| 111|0x0000000088900000, 0x0000000088900000, 0x0000000088a00000|  0%| F|  |TAMS 0x0000000088900000, 0x0000000088900000| Untracked 
| 112|0x0000000088a00000, 0x0000000088a00000, 0x0000000088b00000|  0%| F|  |TAMS 0x0000000088a00000, 0x0000000088a00000| Untracked 
| 113|0x0000000088b00000, 0x0000000088b00000, 0x0000000088c00000|  0%| F|  |TAMS 0x0000000088b00000, 0x0000000088b00000| Untracked 
| 114|0x0000000088c00000, 0x0000000088c00000, 0x0000000088d00000|  0%| F|  |TAMS 0x0000000088c00000, 0x0000000088c00000| Untracked 
| 115|0x0000000088d00000, 0x0000000088e00000, 0x0000000088e00000|100%| E|  |TAMS 0x0000000088d00000, 0x0000000088d00000| Complete 
| 116|0x0000000088e00000, 0x0000000088f00000, 0x0000000088f00000|100%| E|CS|TAMS 0x0000000088e00000, 0x0000000088e00000| Complete 
| 117|0x0000000088f00000, 0x0000000089000000, 0x0000000089000000|100%| E|CS|TAMS 0x0000000088f00000, 0x0000000088f00000| Complete 
| 118|0x0000000089000000, 0x0000000089100000, 0x0000000089100000|100%| E|CS|TAMS 0x0000000089000000, 0x0000000089000000| Complete 
| 119|0x0000000089100000, 0x0000000089200000, 0x0000000089200000|100%| E|CS|TAMS 0x0000000089100000, 0x0000000089100000| Complete 
| 120|0x0000000089200000, 0x0000000089300000, 0x0000000089300000|100%| E|CS|TAMS 0x0000000089200000, 0x0000000089200000| Complete 
| 121|0x0000000089300000, 0x0000000089400000, 0x0000000089400000|100%| E|CS|TAMS 0x0000000089300000, 0x0000000089300000| Complete 
| 122|0x0000000089400000, 0x0000000089500000, 0x0000000089500000|100%| E|CS|TAMS 0x0000000089400000, 0x0000000089400000| Complete 
| 123|0x0000000089500000, 0x0000000089600000, 0x0000000089600000|100%| S|CS|TAMS 0x0000000089500000, 0x0000000089500000| Complete 
| 124|0x0000000089600000, 0x0000000089700000, 0x0000000089700000|100%| E|CS|TAMS 0x0000000089600000, 0x0000000089600000| Complete 
| 125|0x0000000089700000, 0x0000000089800000, 0x0000000089800000|100%| E|CS|TAMS 0x0000000089700000, 0x0000000089700000| Complete 
| 126|0x0000000089800000, 0x0000000089900000, 0x0000000089900000|100%| E|CS|TAMS 0x0000000089800000, 0x0000000089800000| Complete 
| 127|0x0000000089900000, 0x0000000089a00000, 0x0000000089a00000|100%| E|  |TAMS 0x0000000089900000, 0x0000000089900000| Complete 

Card table byte_map: [0x00000167a82f0000,0x00000167a86f0000] _byte_map_base: 0x00000167a7ee3000

Marking Bits (Prev, Next): (CMBitMap*) 0x0000016790ba1008, (CMBitMap*) 0x0000016790ba1040
 Prev Bits: [0x00000167a8af0000, 0x00000167aaa88000)
 Next Bits: [0x00000167aaa90000, 0x00000167aca28000)

Polling page: 0x00000167902c0000

Metaspace:

Usage:
  Non-class:     11.79 MB capacity,    11.55 MB ( 98%) used,   209.73 KB (  2%) free+waste,    31.31 KB ( <1%) overhead. 
      Class:      1.47 MB capacity,     1.34 MB ( 91%) used,   117.84 KB (  8%) free+waste,    15.38 KB (  1%) overhead. 
       Both:     13.26 MB capacity,    12.89 MB ( 97%) used,   327.56 KB (  2%) free+waste,    46.69 KB ( <1%) overhead. 

Virtual space:
  Non-class space:       12.00 MB reserved,      12.00 MB (100%) committed 
      Class space:        1.00 GB reserved,       1.50 MB ( <1%) committed 
             Both:        1.01 GB reserved,      13.50 MB (  1%) committed 

Chunk freelists:
   Non-Class:  3.38 KB
       Class:  3.63 KB
        Both:  7.00 KB

CodeHeap 'non-profiled nmethods': size=238912Kb used=1461Kb max_used=1461Kb free=237450Kb
 bounds [0x00000167995a0000, 0x0000016799810000, 0x00000167a7ef0000]
CodeHeap 'non-nmethods': size=6848Kb used=1106Kb max_used=1106Kb free=5741Kb
 bounds [0x0000016798ef0000, 0x0000016799160000, 0x00000167995a0000]
 total_blobs=1500 nmethods=1078 adapters=332
 compilation: enabled
              stopped_count=0, restarted_count=0
 full_count=0

Compilation events (10 events):
Event: 1.544 Thread 0x00000167af802000 1075  s!   1       jdk.internal.loader.URLClassPath::getLoader (194 bytes)
Event: 1.546 Thread 0x00000167af802000 nmethod 1075 0x000001679970a310 code [0x000001679970a5c0, 0x000001679970b350]
Event: 1.546 Thread 0x00000167af802000 1074       1       java.lang.invoke.LambdaForm$MH/0x00000001000ae440::invoke (31 bytes)
Event: 1.546 Thread 0x00000167af802000 nmethod 1074 0x000001679970bc10 code [0x000001679970bdc0, 0x000001679970bf60]
Event: 1.552 Thread 0x00000167af802000 1076       1       java.lang.StringCoding$Result::with (12 bytes)
Event: 1.552 Thread 0x00000167af802000 nmethod 1076 0x000001679970c090 code [0x000001679970c220, 0x000001679970c398]
Event: 1.552 Thread 0x00000167af802000 1077       1       java.lang.StringCoding::decodeUTF8 (45 bytes)
Event: 1.553 Thread 0x00000167af802000 nmethod 1077 0x000001679970c410 code [0x000001679970c5e0, 0x000001679970c870]
Event: 1.553 Thread 0x00000167af802000 1078       1       java.util.WeakHashMap::put (162 bytes)
Event: 1.553 Thread 0x00000167af802000 nmethod 1078 0x000001679970ca10 code [0x000001679970cc20, 0x000001679970d300]

GC Heap History (4 events):
Event: 0.950 GC heap before
{Heap before GC invocations=0 (full 0):
 garbage-first heap   total 131072K, used 14336K [0x0000000081a00000, 0x0000000100000000)
  region size 1024K, 14 young (14336K), 0 survivors (0K)
 Metaspace       used 6084K, capacity 6174K, committed 6272K, reserved 1056768K
  class space    used 538K, capacity 567K, committed 640K, reserved 1048576K
}
Event: 0.958 GC heap after
{Heap after GC invocations=1 (full 0):
 garbage-first heap   total 131072K, used 12133K [0x0000000081a00000, 0x0000000100000000)
  region size 1024K, 2 young (2048K), 2 survivors (2048K)
 Metaspace       used 6084K, capacity 6174K, committed 6272K, reserved 1056768K
  class space    used 538K, capacity 567K, committed 640K, reserved 1048576K
}
Event: 0.994 GC heap before
{Heap before GC invocations=1 (full 0):
 garbage-first heap   total 131072K, used 15205K [0x0000000081a00000, 0x0000000100000000)
  region size 1024K, 6 young (6144K), 2 survivors (2048K)
 Metaspace       used 6084K, capacity 6174K, committed 6272K, reserved 1056768K
  class space    used 538K, capacity 567K, committed 640K, reserved 1048576K
}
Event: 0.998 GC heap after
{Heap after GC invocations=2 (full 0):
 garbage-first heap   total 131072K, used 16003K [0x0000000081a00000, 0x0000000100000000)
  region size 1024K, 1 young (1024K), 1 survivors (1024K)
 Metaspace       used 6084K, capacity 6174K, committed 6272K, reserved 1056768K
  class space    used 538K, capacity 567K, committed 640K, reserved 1048576K
}

Deoptimization events (0 events):
No events

Classes redefined (0 events):
No events

Internal exceptions (10 events):
Event: 1.233 Thread 0x0000016790b61800 Exception <a 'java/lang/NoSuchMethodError'{0x00000000893c72b0}: java.lang.invoke.DirectMethodHandle$Holder.invokeStaticInit(Ljava/lang/Object;IIII)Ljava/lang/Object;> (0x00000000893c72b0) thrown at [./open/src/hotspot/share/interpreter/linkResolver.cpp, l
Event: 1.478 Thread 0x0000016790b61800 Exception <a 'java/lang/NoSuchMethodError'{0x000000008921ab08}: java.lang.invoke.DirectMethodHandle$Holder.invokeStatic(Ljava/lang/Object;Ljava/lang/Object;IIII)Ljava/lang/Object;> (0x000000008921ab08) thrown at [./open/src/hotspot/share/interpreter/linkR
Event: 1.478 Thread 0x0000016790b61800 Exception <a 'java/lang/NoSuchMethodError'{0x000000008921de50}: java.lang.invoke.DirectMethodHandle$Holder.invokeStaticInit(Ljava/lang/Object;Ljava/lang/Object;IIII)Ljava/lang/Object;> (0x000000008921de50) thrown at [./open/src/hotspot/share/interpreter/l
Event: 1.490 Thread 0x0000016790b61800 Exception <a 'java/lang/ClassNotFoundException'{0x000000008923b3b0}: javax/management/remote/rmi/RMIServerImpl_Skel> (0x000000008923b3b0) thrown at [./open/src/hotspot/share/classfile/systemDictionary.cpp, line 228]
Event: 1.530 Thread 0x0000016790b61800 Exception <a 'java/lang/ClassNotFoundException'{0x00000000891157f8}: jdk/internal/agent/resources/spi/agentProvider> (0x00000000891157f8) thrown at [./open/src/hotspot/share/classfile/systemDictionary.cpp, line 228]
Event: 1.537 Thread 0x0000016790b61800 Exception <a 'java/lang/NoSuchMethodError'{0x000000008916b100}: java.lang.invoke.DirectMethodHandle$Holder.invokeStatic(Ljava/lang/Object;Ljava/lang/Object;Ljava/lang/Object;Ljava/lang/Object;Ljava/lang/Object;Ljava/lang/Object;Ljava/lang/Object;Ljava/lan
Event: 1.538 Thread 0x0000016790b61800 Exception <a 'java/lang/NoSuchMethodError'{0x0000000089177920}: java.lang.invoke.DirectMethodHandle$Holder.invokeStatic(Ljava/lang/Object;Ljava/lang/Object;Ljava/lang/Object;Ljava/lang/Object;Ljava/lang/Object;Ljava/lang/Object;Ljava/lang/Object;Ljava/lan
Event: 1.540 Thread 0x0000016790b61800 Exception <a 'java/lang/NoSuchMethodError'{0x00000000891913f8}: java.lang.invoke.DelegatingMethodHandle$Holder.reinvoke_L(Ljava/lang/Object;ILjava/lang/Object;)Ljava/lang/Object;> (0x00000000891913f8) thrown at [./open/src/hotspot/share/interpreter/linkRe
Event: 1.591 Thread 0x0000016790b61800 Exception <a 'java/lang/ClassNotFoundException'{0x0000000088f49ef8}: javax/smartcardio/CardPermission> (0x0000000088f49ef8) thrown at [./open/src/hotspot/share/classfile/systemDictionary.cpp, line 228]
Event: 1.594 Thread 0x0000016790b61800 Exception <a 'java/io/FileNotFoundException'{0x0000000088ffc498}> (0x0000000088ffc498) thrown at [./open/src/hotspot/share/prims/jni.cpp, line 611]

Events (10 events):
Event: 1.594 loading class java/io/FileNotFoundException
Event: 1.594 loading class java/io/FileNotFoundException done
Event: 1.594 loading class sun/security/provider/PolicyParser$ParsingException
Event: 1.594 loading class java/security/GeneralSecurityException
Event: 1.595 loading class java/security/GeneralSecurityException done
Event: 1.595 loading class sun/security/provider/PolicyParser$ParsingException done
Event: 1.595 loading class sun/security/provider/PolicyFile$7
Event: 1.595 loading class sun/security/provider/PolicyFile$7 done
Event: 1.597 loading class sun/security/provider/PolicyFile$9
Event: 1.597 loading class sun/security/provider/PolicyFile$9 done


Dynamic libraries:
0x00007ff657020000 - 0x00007ff657067000 	D:\Program Files\Java\jdk-11.0.7\bin\javaw.exe
0x00007ff97ebf0000 - 0x00007ff97edd1000 	C:\WINDOWS\SYSTEM32\ntdll.dll
0x00007ff93e4c0000 - 0x00007ff93e4d3000 	C:\Program Files\AVAST Software\Avast\aswhook.dll
0x00007ff97cd00000 - 0x00007ff97cdb1000 	C:\WINDOWS\System32\KERNEL32.DLL
0x00007ff97bdd0000 - 0x00007ff97c043000 	C:\WINDOWS\System32\KERNELBASE.dll
0x00007ff97e8e0000 - 0x00007ff97e981000 	C:\WINDOWS\System32\ADVAPI32.dll
0x00007ff97e790000 - 0x00007ff97e82e000 	C:\WINDOWS\System32\msvcrt.dll
0x00007ff97d2e0000 - 0x00007ff97d33b000 	C:\WINDOWS\System32\sechost.dll
0x00007ff97cb70000 - 0x00007ff97cc94000 	C:\WINDOWS\System32\RPCRT4.dll
0x00007ff97cdc0000 - 0x00007ff97cf50000 	C:\WINDOWS\System32\USER32.dll
0x00007ff97c050000 - 0x00007ff97c070000 	C:\WINDOWS\System32\win32u.dll
0x00007ff97c7b0000 - 0x00007ff97c7d8000 	C:\WINDOWS\System32\GDI32.dll
0x00007ff97b8b0000 - 0x00007ff97ba41000 	C:\WINDOWS\System32\gdi32full.dll
0x00007ff97bb00000 - 0x00007ff97bb9f000 	C:\WINDOWS\System32\msvcp_win.dll
0x00007ff97bc50000 - 0x00007ff97bd48000 	C:\WINDOWS\System32\ucrtbase.dll
0x00007ff96e620000 - 0x00007ff96e889000 	C:\WINDOWS\WinSxS\amd64_microsoft.windows.common-controls_6595b64144ccf1df_6.0.17134.1488_none_d4038d277c8d0b7d\COMCTL32.dll
0x00007ff97c840000 - 0x00007ff97cb61000 	C:\WINDOWS\System32\combase.dll
0x00007ff97bd50000 - 0x00007ff97bdc9000 	C:\WINDOWS\System32\bcryptPrimitives.dll
0x00007ff974f90000 - 0x00007ff974f9a000 	C:\WINDOWS\SYSTEM32\VERSION.dll
0x00007ff97e990000 - 0x00007ff97e9bd000 	C:\WINDOWS\System32\IMM32.DLL
0x00007ff93b230000 - 0x00007ff93b349000 	C:\Program Files\Diebold\Warsaw\wslbscr64.dll
0x00007ff97d340000 - 0x00007ff97e785000 	C:\WINDOWS\System32\SHELL32.dll
0x00007ff97bba0000 - 0x00007ff97bbe9000 	C:\WINDOWS\System32\cfgmgr32.dll
0x00007ff97e830000 - 0x00007ff97e8d9000 	C:\WINDOWS\System32\shcore.dll
0x00007ff97b190000 - 0x00007ff97b8a1000 	C:\WINDOWS\System32\windows.storage.dll
0x00007ff97c7e0000 - 0x00007ff97c831000 	C:\WINDOWS\System32\shlwapi.dll
0x00007ff97af30000 - 0x00007ff97af41000 	C:\WINDOWS\System32\kernel.appcore.dll
0x00007ff97af80000 - 0x00007ff97af9f000 	C:\WINDOWS\System32\profapi.dll
0x00007ff97aee0000 - 0x00007ff97af2c000 	C:\WINDOWS\System32\powrprof.dll
0x00007ff97af50000 - 0x00007ff97af5a000 	C:\WINDOWS\System32\FLTLIB.DLL
0x00007ff979fa0000 - 0x00007ff979fd1000 	C:\WINDOWS\SYSTEM32\ntmarta.dll
0x00007ff92e870000 - 0x00007ff92e95f000 	C:\Program Files\Diebold\Warsaw\wslbscrwh64.dll
0x00007ff976190000 - 0x00007ff9761a6000 	D:\Program Files\Java\jdk-11.0.7\bin\vcruntime140.dll
0x00007ff96b5a0000 - 0x00007ff96b64a000 	D:\Program Files\Java\jdk-11.0.7\bin\msvcp140.dll
0x00007ff9517a0000 - 0x00007ff952301000 	D:\Program Files\Java\jdk-11.0.7\bin\server\jvm.dll
0x00007ff97eac0000 - 0x00007ff97eac8000 	C:\WINDOWS\System32\PSAPI.DLL
0x00007ff96d440000 - 0x00007ff96d449000 	C:\WINDOWS\SYSTEM32\WSOCK32.dll
0x00007ff97e9d0000 - 0x00007ff97ea3c000 	C:\WINDOWS\System32\WS2_32.dll
0x00007ff977950000 - 0x00007ff977973000 	C:\WINDOWS\SYSTEM32\WINMM.dll
0x00007ff977920000 - 0x00007ff97794a000 	C:\WINDOWS\SYSTEM32\WINMMBASE.dll
0x00007ff969350000 - 0x00007ff969361000 	D:\Program Files\Java\jdk-11.0.7\bin\verify.dll
0x00007ff974b60000 - 0x00007ff974d29000 	C:\WINDOWS\SYSTEM32\DBGHELP.DLL
0x00007ff974aa0000 - 0x00007ff974ac9000 	C:\WINDOWS\SYSTEM32\dbgcore.DLL
0x00007ff968da0000 - 0x00007ff968dc9000 	D:\Program Files\Java\jdk-11.0.7\bin\java.dll
0x00007ff96ae40000 - 0x00007ff96ae4a000 	D:\Program Files\Java\jdk-11.0.7\bin\jimage.dll
0x00007ff968d80000 - 0x00007ff968d96000 	D:\Program Files\Java\jdk-11.0.7\bin\zip.dll
0x00007ff968c50000 - 0x00007ff968c69000 	D:\Program Files\Java\jdk-11.0.7\bin\net.dll
0x00007ff976cc0000 - 0x00007ff976d9d000 	C:\WINDOWS\SYSTEM32\WINHTTP.dll
0x00007ff97a760000 - 0x00007ff97a7c6000 	C:\WINDOWS\system32\mswsock.dll
0x00007ff967600000 - 0x00007ff967613000 	D:\Program Files\Java\jdk-11.0.7\bin\nio.dll
0x00007ff976270000 - 0x00007ff976279000 	D:\Program Files\Java\jdk-11.0.7\bin\management.dll
0x00007ff96b590000 - 0x00007ff96b59c000 	D:\Program Files\Java\jdk-11.0.7\bin\management_ext.dll
0x00007ff9669e0000 - 0x00007ff9669f6000 	C:\WINDOWS\system32\napinsp.dll
0x00007ff962ae0000 - 0x00007ff962afa000 	C:\WINDOWS\system32\pnrpnsp.dll
0x00007ff977cd0000 - 0x00007ff977ce9000 	C:\WINDOWS\system32\NLAapi.dll
0x00007ff97a4f0000 - 0x00007ff97a5af000 	C:\WINDOWS\SYSTEM32\DNSAPI.dll
0x00007ff97e9c0000 - 0x00007ff97e9c8000 	C:\WINDOWS\System32\NSI.dll
0x00007ff97a4b0000 - 0x00007ff97a4e8000 	C:\WINDOWS\SYSTEM32\IPHLPAPI.DLL
0x00007ff96a910000 - 0x00007ff96a91e000 	C:\WINDOWS\System32\winrnr.dll
0x00007ff96c460000 - 0x00007ff96c475000 	C:\WINDOWS\System32\wshbth.dll
0x00007ff96e1a0000 - 0x00007ff96e1aa000 	C:\Windows\System32\rasadhlp.dll
0x00007ff96e890000 - 0x00007ff96e902000 	C:\WINDOWS\System32\fwpuclnt.dll
0x00007ff97aa40000 - 0x00007ff97aa65000 	C:\WINDOWS\SYSTEM32\bcrypt.dll
0x00007ff97a910000 - 0x00007ff97a927000 	C:\WINDOWS\SYSTEM32\CRYPTSP.dll
0x00007ff97a310000 - 0x00007ff97a343000 	C:\WINDOWS\system32\rsaenh.dll
0x00007ff97ade0000 - 0x00007ff97ae08000 	C:\WINDOWS\SYSTEM32\USERENV.dll
0x00007ff97a930000 - 0x00007ff97a93b000 	C:\WINDOWS\SYSTEM32\CRYPTBASE.dll
0x00007ff974a00000 - 0x00007ff974a16000 	C:\WINDOWS\SYSTEM32\dhcpcsvc6.DLL
0x00007ff974b40000 - 0x00007ff974b5a000 	C:\WINDOWS\SYSTEM32\dhcpcsvc.DLL

dbghelp: loaded successfully - version: 4.0.5 - missing functions: none
symbol engine: initialized successfully - sym options: 0x614 - pdb path: .;D:\Program Files\Java\jdk-11.0.7\bin;C:\WINDOWS\SYSTEM32;C:\Program Files\AVAST Software\Avast;C:\WINDOWS\WinSxS\amd64_microsoft.windows.common-controls_6595b64144ccf1df_6.0.17134.1488_none_d4038d277c8d0b7d;C:\Program Files\Diebold\Warsaw;D:\Program Files\Java\jdk-11.0.7\bin\server

VM Arguments:
jvm_args: -Dcom.sun.management.jmxremote -Dcom.sun.management.jmxremote.port=50768 -Dcom.sun.management.jmxremote.authenticate=false -Dcom.sun.management.jmxremote.ssl=false -Djava.rmi.server.hostname=localhost -Dspring.jmx.enabled=true -Dspring.application.admin.enabled=true -Xverify:none -XX:TieredStopAtLevel=1 -Dspring.boot.project.name=Ionic-cursomc -Dfile.encoding=UTF-8 
java_command: com.chobyo.cursomc.CursomcApplication --spring.output.ansi.enabled=always
java_class_path (initial): C:\Users\Chobyo\Documents\STS\ws\cursomc\target\classes;C:\Users\Chobyo\.m2\repository\com\jayway\jsonpath\json-path\2.4.0\json-path-2.4.0.jar;C:\Users\Chobyo\.m2\repository\org\springframework\boot\spring-boot-starter-web\2.3.0.RELEASE\spring-boot-starter-web-2.3.0.RELEASE.jar;C:\Users\Chobyo\.m2\repository\org\springframework\boot\spring-boot-starter\2.3.0.RELEASE\spring-boot-starter-2.3.0.RELEASE.jar;C:\Users\Chobyo\.m2\repository\org\springframework\boot\spring-boot-starter-logging\2.3.0.RELEASE\spring-boot-starter-logging-2.3.0.RELEASE.jar;C:\Users\Chobyo\.m2\repository\ch\qos\logback\logback-classic\1.2.3\logback-classic-1.2.3.jar;C:\Users\Chobyo\.m2\repository\ch\qos\logback\logback-core\1.2.3\logback-core-1.2.3.jar;C:\Users\Chobyo\.m2\repository\org\apache\logging\log4j\log4j-to-slf4j\2.13.2\log4j-to-slf4j-2.13.2.jar;C:\Users\Chobyo\.m2\repository\org\apache\logging\log4j\log4j-api\2.13.2\log4j-api-2.13.2.jar;C:\Users\Chobyo\.m2\repository\org\slf4j\jul-to-slf4j\1.7.30\jul-to-slf4j-1.7.30.jar;C:\Users\Chobyo\.m2\repository\jakarta\annotation\jakarta.annotation-api\1.3.5\jakarta.annotation-api-1.3.5.jar;C:\Users\Chobyo\.m2\repository\org\yaml\snakeyaml\1.26\snakeyaml-1.26.jar;C:\Users\Chobyo\.m2\repository\org\springframework\boot\spring-boot-starter-json\2.3.0.RELEASE\spring-boot-starter-json-2.3.0.RELEASE.jar;C:\Users\Chobyo\.m2\repository\com\fasterxml\jackson\datatype\jackson-datatype-jdk8\2.11.0\jackson-datatype-jdk8-2.11.0.jar;C:\Users\Chobyo\.m2\repository\com\fasterxml\jackson\datatype\jackson-datatype-jsr310\2.11.0\jackson-datatype-jsr310-2.11.0.jar;C:\Users\Chobyo\.m2\repository\com\fasterxml\jackson\module\jackson-module-parameter-names\2.11.0\jackson-module-parameter-names-2.11.0.jar;C:\Users\Chobyo\.m2\repository\org\springframework\boot\spring-boot-starter-tomcat\2.3.0.RELEASE\spring-boot-starter-tomcat-2.3.0.RELEASE.jar;C:\Users\Chobyo\.m2\repository\org\apache\tomcat\embed\tomcat-embed-core\9.0.35\tomcat-embed-core
Launcher Type: SUN_STANDARD

[Global flags]
     bool BytecodeVerificationLocal                = false                                     {product} {command line}
     bool BytecodeVerificationRemote               = false                                     {product} {command line}
     intx CICompilerCount                          = 3                                         {product} {ergonomic}
     uint ConcGCThreads                            = 1                                         {product} {ergonomic}
     uint G1ConcRefinementThreads                  = 4                                         {product} {ergonomic}
   size_t G1HeapRegionSize                         = 1048576                                   {product} {ergonomic}
    uintx GCDrainStackTargetSize                   = 64                                        {product} {ergonomic}
   size_t InitialHeapSize                          = 134217728                                 {product} {ergonomic}
     bool ManagementServer                         = true                                      {product} {command line}
   size_t MarkStackSize                            = 4194304                                   {product} {ergonomic}
   size_t MaxHeapSize                              = 2120220672                                {product} {ergonomic}
   size_t MaxNewSize                               = 1271922688                                {product} {ergonomic}
   size_t MinHeapDeltaBytes                        = 1048576                                   {product} {ergonomic}
    uintx NonNMethodCodeHeapSize                   = 6973028                                {pd product} {ergonomic}
    uintx NonProfiledCodeHeapSize                  = 244685212                              {pd product} {ergonomic}
    uintx ProfiledCodeHeapSize                     = 0                                      {pd product} {ergonomic}
    uintx ReservedCodeCacheSize                    = 251658240                              {pd product} {ergonomic}
     bool SegmentedCodeCache                       = true                                      {product} {ergonomic}
     intx TieredStopAtLevel                        = 1                                         {product} {command line}
     bool UseCompressedClassPointers               = true                                 {lp64_product} {ergonomic}
     bool UseCompressedOops                        = true                                 {lp64_product} {ergonomic}
     bool UseG1GC                                  = true                                      {product} {ergonomic}
     bool UseLargePagesIndividualAllocation        = false                                  {pd product} {ergonomic}

Logging:
Log output configuration:
 #0: stdout all=warning uptime,level,tags
 #1: stderr all=off uptime,level,tags

Environment Variables:
JAVA_HOME=D:\Program Files\Java\jdk-11.0.7\
PATH=D:/Program Files/Java/jdk-11.0.7/bin/server;D:/Program Files/Java/jdk-11.0.7/bin;C:\WINDOWS\system32;C:\WINDOWS;C:\WINDOWS\System32\Wbem;C:\WINDOWS\System32\WindowsPowerShell\v1.0\;C:\Program Files\Microsoft SQL Server\130\Tools\Binn\;C:\Program Files\dotnet\;C:\Program Files (x86)\GtkSharp\2.12\bin;C:\WINDOWS\System32\OpenSSH\;C:\Program Files\Microsoft SQL Server\Client SDK\ODBC\170\Tools\Binn\;D:\Program Files\Java\jdk-11.0.7\bin\;C:\Program Files\Git\cmd;C:\Users\Chobyo\AppData\Local\Microsoft\WindowsApps;;D:\Downloads\sts-4.6.1.RELEASE;
USERNAME=Chobyo
OS=Windows_NT
PROCESSOR_IDENTIFIER=Intel64 Family 6 Model 61 Stepping 4, GenuineIntel



---------------  S Y S T E M  ---------------

OS: Windows 10 , 64 bit Build 17134 (10.0.17134.1425)

CPU:total 4 (initial active 4) (2 cores per cpu, 2 threads per core) family 6 model 61 stepping 4, cmov, cx8, fxsr, mmx, sse, sse2, sse3, ssse3, sse4.1, sse4.2, popcnt, avx, avx2, aes, clmul, erms, 3dnowpref, lzcnt, ht, tsc, tscinvbit, bmi1, bmi2, adx, fma

Memory: 4k page, system-wide physical 8086M (2609M free)
TotalPageFile size 10518M (AvailPageFile size 4361M)
current process WorkingSet (physical memory assigned to process): 81M, peak: 81M
current process commit charge ("private bytes"): 219M, peak: 219M

vm_info: Java HotSpot(TM) 64-Bit Server VM (11.0.7+8-LTS) for windows-amd64 JRE (11.0.7+8-LTS), built on Mar 12 2020 02:04:32 by "mach5one" with MS VC++ 15.5 (VS2017)

END.
